<?xml version="1.0" encoding="UTF-8"?>
<testsuite xmlns:xsi="http://www.w3.org/2001/XMLSchema-instance" xsi:noNamespaceSchemaLocation="https://maven.apache.org/surefire/maven-surefire-plugin/xsd/surefire-test-report-3.0.xsd" version="3.0" name="br.inatel.cdg.service.ContactTest" time="0.004" tests="5" errors="0" skipped="0" failures="0">
  <properties>
[...]
</properties>
  <testcase name="testToString" classname="br.inatel.cdg.service.ContactTest" time="0"/>
  <testcase name="testEmptyStrings" classname="br.inatel.cdg.service.ContactTest" time="0"/>
  <testcase name="testGetters" classname="br.inatel.cdg.service.ContactTest" time="0.002"/>
  <testcase name="testSameContent" classname="br.inatel.cdg.service.ContactTest" time="0"/>
  <testcase name="testNullValues" classname="br.inatel.cdg.service.ContactTest" time="0"/>
</testsuite>